<?xml version="1.0" encoding="UTF-8"?>
<!-- Generated by org.testng.reporters.JUnitReportReporter -->
<testsuite skipped="0" hostname="Sys" name="Shop.flip" tests="1" failures="0" timestamp="2020-11-05T10:40:49 IST" time="0.004" errors="0">
  <testcase name="flipcl" time="0.004" classname="Shop.flip"/>
  <system-out>
f  </system-out>
</testsuite> <!-- Shop.flip -->
